{"/mnt/c/Users/Student 44/ltuc/codefellows/401/data-structures-and-algorithms/tree-intersection/tree-intersection.js": {"path":"/mnt/c/Users/Student 44/ltuc/codefellows/401/data-structures-and-algorithms/tree-intersection/tree-intersection.js","statementMap":{"0":{"start":{"line":5,"column":22},"end":{"line":5,"column":24}},"1":{"start":{"line":6,"column":17},"end":{"line":6,"column":19}},"2":{"start":{"line":8,"column":18},"end":{"line":8,"column":28}},"3":{"start":{"line":9,"column":19},"end":{"line":9,"column":29}},"4":{"start":{"line":11,"column":16},"end":{"line":15,"column":5}},"5":{"start":{"line":12,"column":8},"end":{"line":12,"column":35}},"6":{"start":{"line":13,"column":8},"end":{"line":13,"column":40}},"7":{"start":{"line":13,"column":23},"end":{"line":13,"column":40}},"8":{"start":{"line":14,"column":8},"end":{"line":14,"column":42}},"9":{"start":{"line":14,"column":24},"end":{"line":14,"column":42}},"10":{"start":{"line":16,"column":4},"end":{"line":16,"column":19}},"11":{"start":{"line":18,"column":17},"end":{"line":22,"column":5}},"12":{"start":{"line":19,"column":8},"end":{"line":19,"column":66}},"13":{"start":{"line":19,"column":44},"end":{"line":19,"column":66}},"14":{"start":{"line":20,"column":8},"end":{"line":20,"column":41}},"15":{"start":{"line":20,"column":23},"end":{"line":20,"column":41}},"16":{"start":{"line":21,"column":8},"end":{"line":21,"column":43}},"17":{"start":{"line":21,"column":24},"end":{"line":21,"column":43}},"18":{"start":{"line":23,"column":4},"end":{"line":23,"column":21}},"19":{"start":{"line":25,"column":4},"end":{"line":25,"column":18}},"20":{"start":{"line":28,"column":0},"end":{"line":28,"column":30}}},"fnMap":{"0":{"name":"InterSection","decl":{"start":{"line":3,"column":9},"end":{"line":3,"column":21}},"loc":{"start":{"line":3,"column":36},"end":{"line":26,"column":1}},"line":3},"1":{"name":"(anonymous_1)","decl":{"start":{"line":11,"column":16},"end":{"line":11,"column":17}},"loc":{"start":{"line":11,"column":26},"end":{"line":15,"column":5}},"line":11},"2":{"name":"(anonymous_2)","decl":{"start":{"line":18,"column":17},"end":{"line":18,"column":18}},"loc":{"start":{"line":18,"column":27},"end":{"line":22,"column":5}},"line":18}},"branchMap":{"0":{"loc":{"start":{"line":13,"column":8},"end":{"line":13,"column":40}},"type":"if","locations":[{"start":{"line":13,"column":8},"end":{"line":13,"column":40}},{"start":{"line":13,"column":8},"end":{"line":13,"column":40}}],"line":13},"1":{"loc":{"start":{"line":14,"column":8},"end":{"line":14,"column":42}},"type":"if","locations":[{"start":{"line":14,"column":8},"end":{"line":14,"column":42}},{"start":{"line":14,"column":8},"end":{"line":14,"column":42}}],"line":14},"2":{"loc":{"start":{"line":19,"column":8},"end":{"line":19,"column":66}},"type":"if","locations":[{"start":{"line":19,"column":8},"end":{"line":19,"column":66}},{"start":{"line":19,"column":8},"end":{"line":19,"column":66}}],"line":19},"3":{"loc":{"start":{"line":20,"column":8},"end":{"line":20,"column":41}},"type":"if","locations":[{"start":{"line":20,"column":8},"end":{"line":20,"column":41}},{"start":{"line":20,"column":8},"end":{"line":20,"column":41}}],"line":20},"4":{"loc":{"start":{"line":21,"column":8},"end":{"line":21,"column":43}},"type":"if","locations":[{"start":{"line":21,"column":8},"end":{"line":21,"column":43}},{"start":{"line":21,"column":8},"end":{"line":21,"column":43}}],"line":21}},"s":{"0":3,"1":3,"2":3,"3":3,"4":3,"5":13,"6":13,"7":5,"8":13,"9":5,"10":3,"11":3,"12":11,"13":11,"14":11,"15":4,"16":11,"17":4,"18":3,"19":3,"20":1},"f":{"0":3,"1":13,"2":11},"b":{"0":[5,8],"1":[5,8],"2":[11,0],"3":[4,7],"4":[4,7]},"_coverageSchema":"1a1c01bbd47fc00a2c39e90264f33305004495a9","hash":"d479bfb47172dec568909b0e5d79502cb1e847f2"}
}
