{"/mnt/c/Users/Student 44/LTUC/codefellows/401/data-structures-and-algorithms/array-shift/array-shift.js": {"path":"/mnt/c/Users/Student 44/LTUC/codefellows/401/data-structures-and-algorithms/array-shift/array-shift.js","statementMap":{"0":{"start":{"line":9,"column":15},"end":{"line":9,"column":41}},"1":{"start":{"line":10,"column":21},"end":{"line":10,"column":23}},"2":{"start":{"line":12,"column":4},"end":{"line":12,"column":27}},"3":{"start":{"line":13,"column":4},"end":{"line":15,"column":5}},"4":{"start":{"line":13,"column":17},"end":{"line":13,"column":18}},"5":{"start":{"line":14,"column":8},"end":{"line":14,"column":31}},"6":{"start":{"line":16,"column":4},"end":{"line":18,"column":5}},"7":{"start":{"line":16,"column":17},"end":{"line":16,"column":27}},"8":{"start":{"line":17,"column":8},"end":{"line":17,"column":35}},"9":{"start":{"line":19,"column":4},"end":{"line":19,"column":22}},"10":{"start":{"line":22,"column":0},"end":{"line":22,"column":50}},"11":{"start":{"line":24,"column":0},"end":{"line":24,"column":34}}},"fnMap":{"0":{"name":"insertShiftArray","decl":{"start":{"line":3,"column":9},"end":{"line":3,"column":25}},"loc":{"start":{"line":3,"column":36},"end":{"line":20,"column":1}},"line":3}},"branchMap":{},"s":{"0":3,"1":3,"2":3,"3":3,"4":3,"5":6,"6":3,"7":3,"8":7,"9":3,"10":1,"11":1},"f":{"0":3},"b":{},"_coverageSchema":"1a1c01bbd47fc00a2c39e90264f33305004495a9","hash":"5d1b5531c9b9ef88ca30ce789899c1c31512a075"}
}
