TN:
SF:array-shift/array-shift.js
FN:3,insertShiftArray
FNF:1
FNH:1
FNDA:3,insertShiftArray
DA:9,3
DA:10,3
DA:12,3
DA:13,3
DA:14,6
DA:16,3
DA:17,7
DA:19,3
DA:22,1
DA:24,1
LF:10
LH:10
BRF:0
BRH:0
end_of_record
TN:
SF:arrayBinarySearch/arrayBinarySearch.js
FN:4,BinarySearch
FNF:1
FNH:1
FNDA:3,BinarySearch
DA:6,3
DA:7,18
DA:8,1
DA:11,2
DA:14,1
DA:16,1
LF:6
LH:6
BRDA:7,0,0,1
BRDA:7,0,1,17
BRF:2
BRH:2
end_of_record
TN:
SF:linked-list/lib/linked-list.js
FN:7,(anonymous_0)
FN:10,(anonymous_1)
FN:22,(anonymous_2)
FN:34,(anonymous_3)
FNF:4
FNH:4
FNDA:6,(anonymous_0)
FNDA:10,(anonymous_1)
FNDA:2,(anonymous_2)
FNDA:1,(anonymous_3)
DA:3,1
DA:8,6
DA:11,10
DA:12,10
DA:13,4
DA:14,4
DA:16,6
DA:17,6
DA:18,3
DA:20,6
DA:23,2
DA:24,2
DA:25,2
DA:26,1
DA:28,1
DA:29,1
DA:35,1
DA:36,1
DA:37,1
DA:38,2
DA:39,2
DA:41,1
DA:42,1
DA:44,1
DA:45,1
DA:49,1
DA:51,1
LF:27
LH:27
BRDA:12,0,0,4
BRDA:12,0,1,6
BRDA:25,1,0,1
BRDA:25,1,1,1
BRF:4
BRH:4
end_of_record
TN:
SF:linked-list/lib/node.js
FN:4,(anonymous_0)
FNF:1
FNH:1
FNDA:10,(anonymous_0)
DA:5,10
DA:6,10
DA:11,1
LF:3
LH:3
BRF:0
BRH:0
end_of_record
